# JRE version: Java(TM) SE Runtime Environment 18.9 (11.0.20+9) (build 11.0.20+9-LTS-256)
# Java VM: Java HotSpot(TM) 64-Bit Server VM 18.9 (11.0.20+9-LTS-256, mixed mode, tiered, compressed oops, g1 gc, windows-amd64)
Heap:
 garbage-first heap   total 280576K, used 195331K [0x00000000a0000000, 0x0000000100000000)
  region size 1024K, 7 young (7168K), 2 survivors (2048K)
 Metaspace       used 92070K, capacity 97009K, committed 97232K, reserved 1132544K
  class space    used 12227K, capacity 13732K, committed 13824K, reserved 1048576K
GC Heap History (10 events):
Event: 42.826 GC heap before
{Heap before GC invocations=63 (full 0):
 garbage-first heap   total 227328K, used 191335K [0x00000000a0000000, 0x0000000100000000)
  region size 1024K, 21 young (21504K), 3 survivors (3072K)
 Metaspace       used 89277K, capacity 93999K, committed 94032K, reserved 1130496K
  class space    used 11738K, capacity 13156K, committed 13184K, reserved 1048576K
}
Event: 42.844 GC heap after
{Heap after GC invocations=64 (full 0):
 garbage-first heap   total 227328K, used 179756K [0x00000000a0000000, 0x0000000100000000)
  region size 1024K, 3 young (3072K), 3 survivors (3072K)
 Metaspace       used 89277K, capacity 93999K, committed 94032K, reserved 1130496K
  class space    used 11738K, capacity 13156K, committed 13184K, reserved 1048576K
}
Event: 43.174 GC heap before
{Heap before GC invocations=65 (full 0):
 garbage-first heap   total 227328K, used 193068K [0x00000000a0000000, 0x0000000100000000)
  region size 1024K, 16 young (16384K), 3 survivors (3072K)
 Metaspace       used 89535K, capacity 94296K, committed 94544K, reserved 1130496K
  class space    used 11766K, capacity 13165K, committed 13184K, reserved 1048576K
}
Event: 43.190 GC heap after
{Heap after GC invocations=66 (full 0):
 garbage-first heap   total 280576K, used 182272K [0x00000000a0000000, 0x0000000100000000)
  region size 1024K, 2 young (2048K), 2 survivors (2048K)
 Metaspace       used 89535K, capacity 94296K, committed 94544K, reserved 1130496K
  class space    used 11766K, capacity 13165K, committed 13184K, reserved 1048576K
}
Event: 43.658 GC heap before
{Heap before GC invocations=66 (full 0):
 garbage-first heap   total 280576K, used 211968K [0x00000000a0000000, 0x0000000100000000)
  region size 1024K, 31 young (31744K), 2 survivors (2048K)
 Metaspace       used 90396K, capacity 95219K, committed 95568K, reserved 1132544K
  class space    used 11901K, capacity 13338K, committed 13440K, reserved 1048576K
}
Event: 43.676 GC heap after
{Heap after GC invocations=67 (full 0):
 garbage-first heap   total 280576K, used 186558K [0x00000000a0000000, 0x0000000100000000)
  region size 1024K, 4 young (4096K), 4 survivors (4096K)
 Metaspace       used 90396K, capacity 95219K, committed 95568K, reserved 1132544K
  class space    used 11901K, capacity 13338K, committed 13440K, reserved 1048576K
}
Event: 44.512 GC heap before
{Heap before GC invocations=68 (full 0):
 garbage-first heap   total 280576K, used 216254K [0x00000000a0000000, 0x0000000100000000)
  region size 1024K, 33 young (33792K), 4 survivors (4096K)
 Metaspace       used 91298K, capacity 96232K, committed 96464K, reserved 1132544K
  class space    used 12089K, capacity 13552K, committed 13568K, reserved 1048576K
}
Event: 44.532 GC heap after
{Heap after GC invocations=69 (full 0):
 garbage-first heap   total 280576K, used 189331K [0x00000000a0000000, 0x0000000100000000)
  region size 1024K, 3 young (3072K), 3 survivors (3072K)
 Metaspace       used 91298K, capacity 96232K, committed 96464K, reserved 1132544K
  class space    used 12089K, capacity 13552K, committed 13568K, reserved 1048576K
}
Event: 45.108 GC heap before
{Heap before GC invocations=69 (full 0):
 garbage-first heap   total 280576K, used 220051K [0x00000000a0000000, 0x0000000100000000)
  region size 1024K, 33 young (33792K), 3 survivors (3072K)
 Metaspace       used 91853K, capacity 96809K, committed 96848K, reserved 1132544K
  class space    used 12203K, capacity 13683K, committed 13696K, reserved 1048576K
}
Event: 45.116 GC heap after
{Heap after GC invocations=70 (full 0):
 garbage-first heap   total 280576K, used 191235K [0x00000000a0000000, 0x0000000100000000)
  region size 1024K, 2 young (2048K), 2 survivors (2048K)
 Metaspace       used 91853K, capacity 96809K, committed 96848K, reserved 1132544K
  class space    used 12203K, capacity 13683K, committed 13696K, reserved 1048576K
}

